Arguments: 
  /opt/homebrew/Cellar/node/19.1.0/bin/node /opt/homebrew/bin/yarn add nodemon

PATH: 
  /Users/litian/.rbenv/shims:/Users/litian/.rbenv/bin:/Users/litian/.rbenv/shims:/Users/litian/.rbenv/bin:/Users/litian/.pyenv/bin:/Users/litian/.pyenv/shims:/Users/litian/.rbenv/shims:/opt/homebrew/bin:/usr/local/bin:/System/Cryptexes/App/usr/bin:/usr/bin:/bin:/usr/sbin:/sbin:/Library/Apple/usr/bin:/Users/litian/Library/Application Support/JetBrains/Toolbox/scripts:/Users/litian/workspace/garage/my-workstation/osx//zsh/../../bin

Yarn version: 
  1.22.19

Node version: 
  19.1.0

Platform: 
  darwin arm64

Trace: 
  SyntaxError: /Users/litian/workspace/garage/mern-blog-app/backend/package.json: Expected ',' or '}' after property value in JSON at position 202
      at JSON.parse (<anonymous>)
      at /opt/homebrew/lib/node_modules/yarn/lib/cli.js:1629:59
      at Generator.next (<anonymous>)
      at step (/opt/homebrew/lib/node_modules/yarn/lib/cli.js:310:30)
      at /opt/homebrew/lib/node_modules/yarn/lib/cli.js:321:13

npm manifest: 
  {
    "name": "backend",
    "version": "1.0.0",
    "description": "blog backend, powered by express.js",
    "main": "server.js",
    "scripts": {
  	"start": "node server.js",
  	"server": "nodemon server.js"
      "test": "echo \"Error: no test specified\" && exit 1"
    },
    "author": "litian",
    "license": "ISC"
  }

yarn manifest: 
  No manifest

Lockfile: 
  No lockfile
